<?xml version="1.0" encoding="UTF-8"?>
<!-- Generated by org.testng.reporters.JUnitReportReporter -->
<testsuite hostname="DESKTOP-6TTPHNK" failures="0" tests="1" name="com.lti.pages.DashboardPageTest" time="12.717" errors="0" timestamp="2023-02-11T13:07:26 IST" skipped="0">
  <testcase classname="com.lti.pages.DashboardPageTest" name="validateDashboardLabelTest" time="12.717"/>
  <system-out/>
</testsuite> <!-- com.lti.pages.DashboardPageTest -->
