<?xml version="1.0" encoding="UTF-8"?>
<!-- Generated by org.testng.reporters.JUnitReportReporter -->
<testsuite hostname="DESKTOP-6TTPHNK" failures="0" tests="2" name="com.lti.testcases.LoginPageTest" time="21.506" errors="0" timestamp="2023-02-18T12:28:06 IST" skipped="0">
  <testcase classname="com.lti.testcases.LoginPageTest" name="validateLoginTest" time="12.025"/>
  <system-out/>
  <testcase classname="com.lti.testcases.LoginPageTest" name="validateTitleTest" time="9.481"/>
  <system-out/>
</testsuite> <!-- com.lti.testcases.LoginPageTest -->
