<?xml version="1.0" encoding="UTF-8"?>
<!-- Generated by org.testng.reporters.JUnitReportReporter -->
<testsuite hostname="DESKTOP-6TTPHNK" failures="0" tests="8" name="com.lti.testcases.DashboardPageTest" time="142.395" errors="0" timestamp="2023-02-18T12:28:06 IST" skipped="0">
  <testcase classname="com.lti.testcases.DashboardPageTest" name="empLeaveSectionTest" time="35.484"/>
  <system-out/>
  <testcase classname="com.lti.testcases.DashboardPageTest" name="validateDashboardLabelTest" time="15.011"/>
  <system-out/>
  <testcase classname="com.lti.testcases.DashboardPageTest" name="validateTimeAtWorkSectionTest" time="15.989"/>
  <system-out/>
  <testcase classname="com.lti.testcases.DashboardPageTest" name="empDistributionLocationSectionTest" time="17.906"/>
  <system-out/>
  <testcase classname="com.lti.testcases.DashboardPageTest" name="quickLaunchSectionTest" time="13.171"/>
  <system-out/>
  <testcase classname="com.lti.testcases.DashboardPageTest" name="empDistributionSubUnitSectionTest" time="15.543"/>
  <system-out/>
  <testcase classname="com.lti.testcases.DashboardPageTest" name="myActionsSectionTest" time="13.795"/>
  <system-out/>
  <testcase classname="com.lti.testcases.DashboardPageTest" name="buzzPostSectionTest" time="15.496"/>
  <system-out/>
</testsuite> <!-- com.lti.testcases.DashboardPageTest -->
